                    ;:::::;                       
                    :::::::::::::.:;                  
                    ::::::::::::::::::.               
                  .::::::::::::::::::::::             
      :       :..................::::::::             
 ..:....:::::::::::...........:...::::::.....         
::.:::::::::.............:::::::::::::::::.:::::;:    
::....:.....::::....::...:::::::.........:::::::::::  
::....::::::::::::::::::::::::..............:::::::+  
:::::.::::::::::::::::::::::::::::...........::::;X+  
::::::;;::::::::::......:::::::::::::.......::::$&&+  
  ::::;;;+++;:::::...::::::::;;;:::::.....::::::$$x:  
  ::::::;+++;:::::...::::;::::;;;::::::::::::::;:::;  
  :::::::::;;::::......::;;:::;:::::::::::::;;;;:::;  
  .:::..::::;;;:::......:::;X$::::::::::::::;;;;:::.  
  ;:::...:::;;;;::::....:::$&$:::;;;;:::::::xX$x::::  
  ;;;:::.:;;;;;;::::::::..:Xx;:.:;;;;;;xx:::X$$x:::;  
  ;;;:::::;;::;;;;;;;:::...:::..:XxX&&&&x:::X$$x:::;  
  ;;;;:::::::..:;;;;;::::..:::;;;&&&&&&&XX&&&&$x::::  
  :;;;::::::...:::;;;:::::::::;;;&&&&&&&&&&&&$X+;;;:  
  .;;;:::::::::.::;;;;;;:::::::::;&&&&&&&&&&xxx+;;;.  
  .;;;;;;;:::::...:::;;;:::::::::;&&&&&&&&&&xxx+;;;.  
  .+++;;;;;::::...::::;;:::::::::;xxx$&&&&&$$$$x;;;.  
  .+++;;;;;;::::::::::;:::::::;;;;xxx$&&$XXX$&$x;;+.  
    ;;;;;;;;;;;::::::::::::::;;;;;X$&&&&$XXX$xx+;;    
         :;;;;;;;:::::::;;;;;;;;;;&&&&&&Xxxx++++      
             ;:;;::::;;;;;;;;;;;;;&&Xxxxxxxx+++;      
                  :::;;;++++++;;;+++++xxxx++          
                       :++++++;. .+++++               
                          ;;      +
